<?xml version="1.0" encoding="UTF-8" ?>
<testsuite tests="7" failures="0" name="org.old.ListElementsAdditionTest" time="0" errors="0" skipped="0">
  <properties>
[...]
</properties>
  <testcase classname="org.old.ListElementsAdditionTest" name="calculateSum_mixedInput" time="0"/>
  <testcase classname="org.old.ListElementsAdditionTest" name="calculateSum_methodIsCalled_OK" time="0"/>
  <testcase classname="org.old.ListElementsAdditionTest" name="calculateSum_positiveOnlyInput" time="0"/>
  <testcase classname="org.old.ListElementsAdditionTest" name="calculateSum_methodReturnType_OK" time="0"/>
  <testcase classname="org.old.ListElementsAdditionTest" name="calculateSum_negativeOnlyInput" time="0"/>
  <testcase classname="org.old.ListElementsAdditionTest" name="calculateSum_emptyInput" time="0"/>
  <testcase classname="org.old.ListElementsAdditionTest" name="calculateSum_nullInput" time="0"/>
</testsuite>